============================= test session starts ==============================
collecting ... collected 141 items

src/bridges/aot_packager/tests/test_amd_backend.py::TestAMDBackend::test_amd_backend_init PASSED [  0%]
src/bridges/aot_packager/tests/test_amd_backend.py::TestAMDBackend::test_amd_backend_custom_arch PASSED [  1%]
src/bridges/aot_packager/tests/test_amd_backend.py::TestAMDBackend::test_compile_kernel_returns_result FAILED [  2%]
src/bridges/aot_packager/tests/test_amd_backend.py::TestAMDBackend::test_compile_kernel_caches_result FAILED [  2%]
src/bridges/aot_packager/tests/test_amd_backend.py::TestAMDBackend::test_supports_arch PASSED [  3%]
src/bridges/aot_packager/tests/test_amd_backend.py::TestAMDBackend::test_get_version PASSED [  4%]
src/bridges/aot_packager/tests/test_builder.py::TestFatBinaryBuilder::test_builder_init PASSED [  4%]
src/bridges/aot_packager/tests/test_builder.py::TestFatBinaryBuilder::test_build_all_vendors FAILED [  5%]
src/bridges/aot_packager/tests/test_builder.py::TestFatBinaryBuilder::test_build_skip_amd FAILED [  6%]
src/bridges/aot_packager/tests/test_builder.py::TestFatBinaryBuilder::test_build_records_stage_times FAILED [  7%]
src/bridges/aot_packager/tests/test_builder.py::TestFatBinaryBuilder::test_build_produces_output_path FAILED [  7%]
src/bridges/aot_packager/tests/test_builder.py::TestFatBinaryBuilder::test_build_fat_binary_has_sections FAILED [  8%]
src/bridges/aot_packager/tests/test_builder.py::TestFatBinaryBuilder::test_build_total_size_positive FAILED [  9%]
src/bridges/aot_packager/tests/test_builder.py::TestFatBinaryBuilder::test_build_records_per_vendor_results FAILED [  9%]
src/bridges/aot_packager/tests/test_fat_binary.py::TestKernelSection::test_section_creation PASSED [ 10%]
src/bridges/aot_packager/tests/test_fat_binary.py::TestKernelSection::test_section_size PASSED [ 11%]
src/bridges/aot_packager/tests/test_fat_binary.py::TestKernelSection::test_section_sha256 PASSED [ 12%]
src/bridges/aot_packager/tests/test_fat_binary.py::TestKernelSection::test_section_to_dict PASSED [ 12%]
src/bridges/aot_packager/tests/test_fat_binary.py::TestFatBinary::test_fat_binary_creation PASSED [ 13%]
src/bridges/aot_packager/tests/test_fat_binary.py::TestFatBinary::test_add_section PASSED [ 14%]
src/bridges/aot_packager/tests/test_fat_binary.py::TestFatBinary::test_add_section_replaces_existing PASSED [ 14%]
src/bridges/aot_packager/tests/test_fat_binary.py::TestFatBinary::test_get_section PASSED [ 15%]
src/bridges/aot_packager/tests/test_fat_binary.py::TestFatBinary::test_total_size PASSED [ 16%]
src/bridges/aot_packager/tests/test_fat_binary.py::TestFatBinary::test_vendors PASSED [ 17%]
src/bridges/aot_packager/tests/test_fat_binary.py::TestFatBinary::test_to_json_and_back PASSED [ 17%]
src/bridges/aot_packager/tests/test_fat_binary.py::TestFatBinary::test_to_bytes_and_back PASSED [ 18%]
src/bridges/aot_packager/tests/test_fat_binary.py::TestFatBinary::test_save_and_load PASSED [ 19%]
src/bridges/aot_packager/tests/test_fat_binary.py::TestFatBinary::test_from_bytes_invalid_magic PASSED [ 19%]
src/bridges/aot_packager/tests/test_integration.py::TestSectionNamingConvention::test_section_name_for_nvidia PASSED [ 20%]
src/bridges/aot_packager/tests/test_integration.py::TestSectionNamingConvention::test_section_name_for_amd PASSED [ 21%]
src/bridges/aot_packager/tests/test_integration.py::TestSectionNamingConvention::test_section_name_for_intel PASSED [ 21%]
src/bridges/aot_packager/tests/test_integration.py::TestSectionNamingConvention::test_section_name_sanitizes_tokens PASSED [ 22%]
src/bridges/aot_packager/tests/test_integration.py::TestSectionNamingConvention::test_section_name_unique_per_vendor_kernel_fmt PASSED [ 23%]
src/bridges/aot_packager/tests/test_integration.py::TestSectionNamingConvention::test_section_name_length_limit PASSED [ 24%]
src/bridges/aot_packager/tests/test_integration.py::TestRuntimeStubCompilation::test_stub_compiles_without_errors PASSED [ 24%]
src/bridges/aot_packager/tests/test_integration.py::TestRuntimeStubCompilation::test_stub_exports_dispatch_symbols PASSED [ 25%]
src/bridges/aot_packager/tests/test_integration.py::TestRuntimeStubCompilation::test_stub_exports_index_symbols PASSED [ 26%]
src/bridges/aot_packager/tests/test_integration.py::TestRuntimeStubCompilation::test_stub_references_external_symbols PASSED [ 26%]
src/bridges/aot_packager/tests/test_integration.py::TestRuntimeStubCompilation::test_stub_references_per_vendor_kernels PASSED [ 27%]
src/bridges/aot_packager/tests/test_integration.py::TestRuntimeStubCompilation::test_host_arch_compatible PASSED [ 28%]
src/bridges/aot_packager/tests/test_integration.py::TestLinkerFatBinaryStructure::test_linked_output_is_valid_elf PASSED [ 29%]
src/bridges/aot_packager/tests/test_integration.py::TestLinkerFatBinaryStructure::test_linked_sections_include_nautilus_nvidia PASSED [ 29%]
src/bridges/aot_packager/tests/test_integration.py::TestLinkerFatBinaryStructure::test_section_names_are_unique PASSED [ 30%]
src/bridges/aot_packager/tests/test_integration.py::TestLinkerFatBinaryStructure::test_nautilus_index_section_exists_and_has_content PASSED [ 31%]
src/bridges/aot_packager/tests/test_integration.py::TestLinkerFatBinaryStructure::test_linked_output_with_multiple_kernels PASSED [ 31%]
src/bridges/aot_packager/tests/test_integration.py::TestLinkerFatBinaryStructure::test_linker_cache_hit PASSED [ 32%]
src/bridges/aot_packager/tests/test_integration.py::TestFatBinaryWrapper::test_wrapped_section_is_valid_elf PASSED [ 33%]
src/bridges/aot_packager/tests/test_integration.py::TestFatBinaryWrapper::test_wrapped_section_has_correct_name PASSED [ 34%]
src/bridges/aot_packager/tests/test_integration.py::TestFatBinaryWrapper::test_wrapped_section_data_integrity PASSED [ 34%]
src/bridges/aot_packager/tests/test_integration.py::TestFatBinaryWrapper::test_wrapped_section_with_metadata_symbols PASSED [ 35%]
src/bridges/aot_packager/tests/test_integration.py::TestRuntimeVendorDetection::test_detect_no_gpu_returns_unknown_on_ci PASSED [ 36%]
src/bridges/aot_packager/tests/test_integration.py::TestRuntimeVendorDetection::test_vendor_c_api_header_matches_stub PASSED [ 36%]
src/bridges/aot_packager/tests/test_integration.py::TestRuntimeVendorDetection::test_runtime_dispatch_logic PASSED [ 37%]
src/bridges/aot_packager/tests/test_integration.py::TestFullPipelineWithHarness::test_build_all_vendors_calls_all_backends PASSED [ 38%]
src/bridges/aot_packager/tests/test_integration.py::TestFullPipelineWithHarness::test_build_with_skip_amd PASSED [ 39%]
src/bridges/aot_packager/tests/test_integration.py::TestFullPipelineWithHarness::test_build_with_skip_all_but_nvidia PASSED [ 39%]
src/bridges/aot_packager/tests/test_integration.py::TestFullPipelineWithHarness::test_build_fat_binary_has_correct_sections PASSED [ 40%]
src/bridges/aot_packager/tests/test_integration.py::TestFullPipelineWithHarness::test_build_records_linking_result PASSED [ 41%]
src/bridges/aot_packager/tests/test_integration.py::TestFullPipelineWithHarness::test_build_records_all_stage_times PASSED [ 41%]
src/bridges/aot_packager/tests/test_integration.py::TestFullPipelineWithHarness::test_build_total_time_is_positive PASSED [ 42%]
src/bridges/aot_packager/tests/test_integration.py::TestFullPipelineWithHarness::test_build_output_path_exists PASSED [ 43%]
src/bridges/aot_packager/tests/test_integration.py::TestFullPipelineWithHarness::test_build_to_dict_serializable PASSED [ 43%]
src/bridges/aot_packager/tests/test_integration.py::TestFullPipelineWithHarness::test_build_error_when_no_vendors_succeed PASSED [ 44%]
src/bridges/aot_packager/tests/test_integration.py::TestFatBinaryRoundTrips::test_fat_binary_to_bytes_and_back PASSED [ 45%]
src/bridges/aot_packager/tests/test_integration.py::TestFatBinaryRoundTrips::test_fat_binary_to_json_and_back PASSED [ 46%]
src/bridges/aot_packager/tests/test_integration.py::TestFatBinaryRoundTrips::test_fat_binary_save_and_load PASSED [ 46%]
src/bridges/aot_packager/tests/test_integration.py::TestFatBinaryRoundTrips::test_fat_binary_total_size PASSED [ 47%]
src/bridges/aot_packager/tests/test_integration.py::TestFatBinaryRoundTrips::test_fat_binary_vendors_dedup PASSED [ 48%]
src/bridges/aot_packager/tests/test_integration.py::TestKernelSectionProperties::test_section_size_property PASSED [ 48%]
src/bridges/aot_packager/tests/test_integration.py::TestKernelSectionProperties::test_section_sha256_stable PASSED [ 49%]
src/bridges/aot_packager/tests/test_integration.py::TestKernelSectionProperties::test_section_to_dict PASSED [ 50%]
src/bridges/aot_packager/tests/test_integration.py::TestKernelSectionProperties::test_section_add_section_replaces PASSED [ 51%]
src/bridges/aot_packager/tests/test_integration.py::TestKernelSectionProperties::test_section_get_section_nonexistent PASSED [ 51%]
src/bridges/aot_packager/tests/test_integration.py::TestLinkerErrorHandling::test_link_with_no_kernels_and_no_stub PASSED [ 52%]
src/bridges/aot_packager/tests/test_integration.py::TestLinkerErrorHandling::test_link_with_duplicate_kernels PASSED [ 53%]
src/bridges/aot_packager/tests/test_integration.py::TestLinkerErrorHandling::test_linker_cache_isolated PASSED [ 53%]
src/bridges/aot_packager/tests/test_integration.py::TestLinkerErrorHandling::test_section_name_with_special_chars PASSED [ 54%]
src/bridges/aot_packager/tests/test_integration.py::TestCApiConsistency::test_c_api_vendor_enum_values PASSED [ 55%]
src/bridges/aot_packager/tests/test_integration.py::TestCApiConsistency::test_c_api_arch_enum_values PASSED [ 56%]
src/bridges/aot_packager/tests/test_integration.py::TestCApiConsistency::test_c_api_compile_signature PASSED [ 56%]
src/bridges/aot_packager/tests/test_integration.py::TestCApiConsistency::test_runtime_stub_static_asserts_match_c_api PASSED [ 57%]
src/bridges/aot_packager/tests/test_integration.py::TestHardwareValidator::test_skip_mode_always_passes PASSED [ 58%]
src/bridges/aot_packager/tests/test_integration.py::TestHardwareValidator::test_local_mode_no_binary PASSED [ 58%]
src/bridges/aot_packager/tests/test_integration.py::TestHardwareValidator::test_local_mode_empty_binary PASSED [ 59%]
src/bridges/aot_packager/tests/test_integration.py::TestHardwareValidator::test_local_mode_unknown_vendor PASSED [ 60%]
src/bridges/aot_packager/tests/test_integration.py::TestHardwareValidator::test_cloud_mode_no_endpoint PASSED [ 60%]
src/bridges/aot_packager/tests/test_intel_backend.py::TestIntelBackend::test_intel_backend_init PASSED [ 61%]
src/bridges/aot_packager/tests/test_intel_backend.py::TestIntelBackend::test_intel_backend_custom_target PASSED [ 62%]
src/bridges/aot_packager/tests/test_intel_backend.py::TestIntelBackend::test_compile_kernel_returns_result PASSED [ 63%]
src/bridges/aot_packager/tests/test_intel_backend.py::TestIntelBackend::test_compile_kernel_caches_result PASSED [ 63%]
src/bridges/aot_packager/tests/test_intel_backend.py::TestIntelBackend::test_supports_target PASSED [ 64%]
src/bridges/aot_packager/tests/test_intel_backend.py::TestIntelBackend::test_get_version PASSED [ 65%]
src/bridges/aot_packager/tests/test_linker.py::TestFatBinaryLinker::test_linker_init PASSED [ 65%]
src/bridges/aot_packager/tests/test_linker.py::TestFatBinaryLinker::test_link_fat_binary PASSED [ 66%]
src/bridges/aot_packager/tests/test_linker.py::TestFatBinaryLinker::test_link_fat_binary_caches_result PASSED [ 67%]
src/bridges/aot_packager/tests/test_linker.py::TestFatBinaryLinker::test_link_with_runtime_stub PASSED [ 68%]
src/bridges/aot_packager/tests/test_linker.py::TestFatBinaryLinker::test_link_with_minimal_input PASSED [ 68%]
src/bridges/aot_packager/tests/test_linker.py::TestFatBinaryLinker::test_get_version PASSED [ 69%]
src/bridges/aot_packager/tests/test_linker.py::TestUniqueSectionNaming::test_section_name_format PASSED [ 70%]
src/bridges/aot_packager/tests/test_linker.py::TestUniqueSectionNaming::test_section_name_is_unique_per_blob PASSED [ 70%]
src/bridges/aot_packager/tests/test_linker.py::TestUniqueSectionNaming::test_readelf_shows_unique_sections PASSED [ 71%]
src/bridges/aot_packager/tests/test_linker.py::TestUniqueSectionNaming::test_lld_silent_on_multi_kernels PASSED [ 72%]
src/bridges/aot_packager/tests/test_linker.py::TestNautilusIndex::test_index_text_contains_all_blobs PASSED [ 73%]
src/bridges/aot_packager/tests/test_linker.py::TestNautilusIndex::test_index_record_round_trip PASSED [ 73%]
src/bridges/aot_packager/tests/test_linker.py::TestNautilusIndex::test_runtime_stub_has_index_api PASSED [ 74%]
src/bridges/aot_packager/tests/test_metal_backend.py::TestMetalBackendInit::test_metal_backend_init PASSED [ 75%]
src/bridges/aot_packager/tests/test_metal_backend.py::TestMetalBackendInit::test_metal_backend_custom_target PASSED [ 75%]
src/bridges/aot_packager/tests/test_metal_backend.py::TestMetalBackendInit::test_metal_backend_each_target[apple_m1] PASSED [ 76%]
src/bridges/aot_packager/tests/test_metal_backend.py::TestMetalBackendInit::test_metal_backend_each_target[apple_m2] PASSED [ 77%]
src/bridges/aot_packager/tests/test_metal_backend.py::TestMetalBackendInit::test_metal_backend_each_target[apple_m3] PASSED [ 78%]
src/bridges/aot_packager/tests/test_metal_backend.py::TestMetalBackendInit::test_metal_backend_each_target[apple_m4] PASSED [ 78%]
src/bridges/aot_packager/tests/test_metal_backend.py::TestMetalBackendInit::test_metal_backend_each_target[generic_metal] PASSED [ 79%]
src/bridges/aot_packager/tests/test_metal_backend.py::TestAppleSiliconDetection::test_detection_returns_dict PASSED [ 80%]
src/bridges/aot_packager/tests/test_metal_backend.py::TestAppleSiliconDetection::test_detection_consistent_with_platform PASSED [ 80%]
src/bridges/aot_packager/tests/test_metal_backend.py::TestAppleSiliconDetection::test_detection_linux_returns_false PASSED [ 81%]
src/bridges/aot_packager/tests/test_metal_backend.py::TestMetallibValidation::test_validate_metallib_accepts_real_magic PASSED [ 82%]
src/bridges/aot_packager/tests/test_metal_backend.py::TestMetallibValidation::test_validate_metallib_rejects_short PASSED [ 82%]
src/bridges/aot_packager/tests/test_metal_backend.py::TestMetallibValidation::test_validate_metallib_rejects_wrong_magic PASSED [ 83%]
src/bridges/aot_packager/tests/test_metal_backend.py::TestMetallibValidation::test_validate_air_accepts_real_magic PASSED [ 84%]
src/bridges/aot_packager/tests/test_metal_backend.py::TestMetallibValidation::test_validate_air_rejects_short PASSED [ 85%]
src/bridges/aot_packager/tests/test_metal_backend.py::TestMetalCompileKernel::test_compile_kernel_returns_result PASSED [ 85%]
src/bridges/aot_packager/tests/test_metal_backend.py::TestMetalCompileKernel::test_compile_kernel_fails_on_non_apple_host PASSED [ 86%]
src/bridges/aot_packager/tests/test_metal_backend.py::TestMetalCompileKernel::test_strict_raises_on_non_apple_host PASSED [ 87%]
src/bridges/aot_packager/tests/test_metal_backend.py::TestMetalCompileKernel::test_compile_kernel_strict_returns_result_on_success PASSED [ 87%]
src/bridges/aot_packager/tests/test_metal_backend.py::TestMetalCompilationResultShape::test_output_bytes_prefers_metallib PASSED [ 88%]
src/bridges/aot_packager/tests/test_metal_backend.py::TestMetalCompilationResultShape::test_output_bytes_falls_back_to_air PASSED [ 89%]
src/bridges/aot_packager/tests/test_metal_backend.py::TestMetalCompilationResultShape::test_output_bytes_falls_back_to_msl PASSED [ 90%]
src/bridges/aot_packager/tests/test_metal_backend.py::TestMetalCompilationResultShape::test_output_bytes_none_on_failure PASSED [ 90%]
src/bridges/aot_packager/tests/test_metal_backend.py::TestFatBinarySectionFormat::test_metallib_format_exists FAILED [ 91%]
src/bridges/aot_packager/tests/test_metal_backend.py::TestFatBinarySectionFormat::test_air_format_exists FAILED [ 92%]
src/bridges/aot_packager/tests/test_metal_backend.py::TestFatBinarySectionFormat::test_section_name_for_apple PASSED [ 92%]
src/bridges/aot_packager/tests/test_metal_backend.py::TestMetalTargetEnum::test_targets_are_apple_families PASSED [ 93%]
src/bridges/aot_packager/tests/test_metal_backend.py::TestMetalTargetEnum::test_target_supports_target PASSED [ 94%]
src/bridges/aot_packager/tests/test_metal_backend.py::TestGetVersion::test_get_version_returns_string PASSED [ 95%]
src/bridges/aot_packager/tests/test_nvidia_backend.py::TestNvidiaBackend::test_nvidia_backend_init PASSED [ 95%]
src/bridges/aot_packager/tests/test_nvidia_backend.py::TestNvidiaBackend::test_nvidia_backend_custom_arch PASSED [ 96%]
src/bridges/aot_packager/tests/test_nvidia_backend.py::TestNvidiaBackend::test_compile_kernel_returns_result PASSED [ 97%]
src/bridges/aot_packager/tests/test_nvidia_backend.py::TestNvidiaBackend::test_compile_kernel_produces_ptx PASSED [ 97%]
src/bridges/aot_packager/tests/test_nvidia_backend.py::TestNvidiaBackend::test_compile_kernel_caches_result PASSED [ 98%]
src/bridges/aot_packager/tests/test_nvidia_backend.py::TestNvidiaBackend::test_supports_arch PASSED [ 99%]
src/bridges/aot_packager/tests/test_nvidia_backend.py::TestNvidiaBackend::test_get_version PASSED [100%]

=================================== FAILURES ===================================
/workspaces/NVINDIA_CUD/src/bridges/aot_packager/amd_backend.py:151: src.common.errors.CompilationError: AMD AOT compilation failed (AOTriton + Triton fallback): AMD fallback requires amdclang++ or hipcc in PATH (AOTriton also unavailable). Install ROCm or AOTriton.
/workspaces/NVINDIA_CUD/src/bridges/aot_packager/amd_backend.py:151: src.common.errors.CompilationError: AMD AOT compilation failed (AOTriton + Triton fallback): AMD fallback requires amdclang++ or hipcc in PATH (AOTriton also unavailable). Install ROCm or AOTriton.
/workspaces/NVINDIA_CUD/src/bridges/aot_packager/builder.py:479: src.common.errors.CompilationError: gcc failed to compile runtime_stub.c: /tmp/pytest-of-codespace/pytest-11/test_build_all_vendors0/fb/runtime_stub.c:30:10: fatal error: ../../c_api/triton_c_api.h: No such file or directory
/workspaces/NVINDIA_CUD/src/bridges/aot_packager/builder.py:479: src.common.errors.CompilationError: gcc failed to compile runtime_stub.c: /tmp/pytest-of-codespace/pytest-11/test_build_skip_amd0/fb/runtime_stub.c:30:10: fatal error: ../../c_api/triton_c_api.h: No such file or directory
/workspaces/NVINDIA_CUD/src/bridges/aot_packager/builder.py:479: src.common.errors.CompilationError: gcc failed to compile runtime_stub.c: /tmp/pytest-of-codespace/pytest-11/test_build_records_stage_times0/fb/runtime_stub.c:30:10: fatal error: ../../c_api/triton_c_api.h: No such file or directory
/workspaces/NVINDIA_CUD/src/bridges/aot_packager/builder.py:479: src.common.errors.CompilationError: gcc failed to compile runtime_stub.c: /tmp/pytest-of-codespace/pytest-11/test_build_produces_output_pat0/fb/runtime_stub.c:30:10: fatal error: ../../c_api/triton_c_api.h: No such file or directory
/workspaces/NVINDIA_CUD/src/bridges/aot_packager/builder.py:479: src.common.errors.CompilationError: gcc failed to compile runtime_stub.c: /tmp/pytest-of-codespace/pytest-11/test_build_fat_binary_has_sect0/fb/runtime_stub.c:30:10: fatal error: ../../c_api/triton_c_api.h: No such file or directory
/workspaces/NVINDIA_CUD/src/bridges/aot_packager/builder.py:479: src.common.errors.CompilationError: gcc failed to compile runtime_stub.c: /tmp/pytest-of-codespace/pytest-11/test_build_total_size_positive0/fb/runtime_stub.c:30:10: fatal error: ../../c_api/triton_c_api.h: No such file or directory
/workspaces/NVINDIA_CUD/src/bridges/aot_packager/builder.py:479: src.common.errors.CompilationError: gcc failed to compile runtime_stub.c: /tmp/pytest-of-codespace/pytest-11/test_build_records_per_vendor_0/fb/runtime_stub.c:30:10: fatal error: ../../c_api/triton_c_api.h: No such file or directory
/workspaces/NVINDIA_CUD/src/bridges/aot_packager/tests/test_metal_backend.py:215: AttributeError: type object 'SectionFormat' has no attribute 'METALLIB'
/workspaces/NVINDIA_CUD/src/bridges/aot_packager/tests/test_metal_backend.py:218: AttributeError: type object 'SectionFormat' has no attribute 'AIR'
=========================== short test summary info ============================
FAILED src/bridges/aot_packager/tests/test_amd_backend.py::TestAMDBackend::test_compile_kernel_returns_result
FAILED src/bridges/aot_packager/tests/test_amd_backend.py::TestAMDBackend::test_compile_kernel_caches_result
FAILED src/bridges/aot_packager/tests/test_builder.py::TestFatBinaryBuilder::test_build_all_vendors
FAILED src/bridges/aot_packager/tests/test_builder.py::TestFatBinaryBuilder::test_build_skip_amd
FAILED src/bridges/aot_packager/tests/test_builder.py::TestFatBinaryBuilder::test_build_records_stage_times
FAILED src/bridges/aot_packager/tests/test_builder.py::TestFatBinaryBuilder::test_build_produces_output_path
FAILED src/bridges/aot_packager/tests/test_builder.py::TestFatBinaryBuilder::test_build_fat_binary_has_sections
FAILED src/bridges/aot_packager/tests/test_builder.py::TestFatBinaryBuilder::test_build_total_size_positive
FAILED src/bridges/aot_packager/tests/test_builder.py::TestFatBinaryBuilder::test_build_records_per_vendor_results
FAILED src/bridges/aot_packager/tests/test_metal_backend.py::TestFatBinarySectionFormat::test_metallib_format_exists
FAILED src/bridges/aot_packager/tests/test_metal_backend.py::TestFatBinarySectionFormat::test_air_format_exists
======================= 11 failed, 130 passed in 24.01s ========================
