============================= test session starts ==============================
collecting ... collected 76 items

src/bridges/cuda_ingest/tests/test_cuda_parser.py::TestCudaParser::test_parser_init PASSED [  1%]
src/bridges/cuda_ingest/tests/test_cuda_parser.py::TestCudaParser::test_parse_simple_kernel PASSED [  2%]
src/bridges/cuda_ingest/tests/test_cuda_parser.py::TestCudaParser::test_parse_matmul_kernel FAILED [  3%]
src/bridges/cuda_ingest/tests/test_cuda_parser.py::TestCudaParser::test_parse_shared_memory PASSED [  5%]
src/bridges/cuda_ingest/tests/test_cuda_parser.py::TestCudaParser::test_parse_sync_threads PASSED [  6%]
src/bridges/cuda_ingest/tests/test_cuda_parser.py::TestCudaParser::test_parse_atomic_op PASSED [  7%]
src/bridges/cuda_ingest/tests/test_cuda_parser.py::TestCudaParser::test_parse_device_function PASSED [  9%]
src/bridges/cuda_ingest/tests/test_cuda_parser.py::TestCudaParser::test_parse_empty_source PASSED [ 10%]
src/bridges/cuda_ingest/tests/test_cuda_parser.py::TestCudaParser::test_parse_no_kernels PASSED [ 11%]
src/bridges/cuda_ingest/tests/test_intrinsic_mapper.py::TestIntrinsicMapper::test_mapper_init PASSED [ 13%]
src/bridges/cuda_ingest/tests/test_intrinsic_mapper.py::TestIntrinsicMapper::test_thread_idx_mappings PASSED [ 14%]
src/bridges/cuda_ingest/tests/test_intrinsic_mapper.py::TestIntrinsicMapper::test_block_idx_mappings PASSED [ 15%]
src/bridges/cuda_ingest/tests/test_intrinsic_mapper.py::TestIntrinsicMapper::test_sync_threads_mapping PASSED [ 17%]
src/bridges/cuda_ingest/tests/test_intrinsic_mapper.py::TestIntrinsicMapper::test_atomic_mappings PASSED [ 18%]
src/bridges/cuda_ingest/tests/test_intrinsic_mapper.py::TestIntrinsicMapper::test_math_mappings PASSED [ 19%]
src/bridges/cuda_ingest/tests/test_intrinsic_mapper.py::TestIntrinsicMapper::test_transform_text_replaces_intrinsics PASSED [ 21%]
src/bridges/cuda_ingest/tests/test_intrinsic_mapper.py::TestIntrinsicMapper::test_transform_text_preserves_syntax PASSED [ 22%]
src/bridges/cuda_ingest/tests/test_intrinsic_mapper.py::TestIntrinsicMapper::test_transform_text_handles_block_linearization PASSED [ 23%]
src/bridges/cuda_ingest/tests/test_intrinsic_mapper.py::TestIntrinsicMapper::test_transform_text_handles_block_linearization_yz PASSED [ 25%]
src/bridges/cuda_ingest/tests/test_intrinsic_mapper.py::TestIntrinsicMapper::test_transform_text_unwraps_std_move PASSED [ 26%]
src/bridges/cuda_ingest/tests/test_intrinsic_mapper.py::TestIntrinsicMapper::test_mappings_by_category PASSED [ 27%]
src/bridges/cuda_ingest/tests/test_intrinsic_mapper.py::TestIntrinsicMapper::test_coverage_report PASSED [ 28%]
src/bridges/cuda_ingest/tests/test_pointer_analysis.py::TestPointerAnalyzer::test_analyzer_init PASSED [ 30%]
src/bridges/cuda_ingest/tests/test_pointer_analysis.py::TestPointerAnalyzer::test_restrict_pointers_are_disjoint PASSED [ 31%]
src/bridges/cuda_ingest/tests/test_pointer_analysis.py::TestPointerAnalyzer::test_unrestricted_parameters_form_alias_set PASSED [ 32%]
src/bridges/cuda_ingest/tests/test_pointer_analysis.py::TestPointerAnalyzer::test_local_pointer_inherits_alias_info PASSED [ 34%]
src/bridges/cuda_ingest/tests/test_pointer_analysis.py::TestPointerAnalyzer::test_shmem_disjoint_from_pointers PASSED [ 35%]
src/bridges/cuda_ingest/tests/test_pointer_analysis.py::TestPointerAnalyzer::test_aliases_nothing_property PASSED [ 36%]
src/bridges/cuda_ingest/tests/test_pointer_analysis.py::TestPointerAnalyzer::test_layouts_recorded_for_parameters PASSED [ 38%]
src/bridges/cuda_ingest/tests/test_pointer_analysis.py::TestPointerAnalyzer::test_restrict_flag_propagates_to_layout PASSED [ 39%]
src/bridges/cuda_ingest/tests/test_pointer_analysis.py::TestPointerAnalyzer::test_non_restrict_layout PASSED [ 40%]
src/bridges/cuda_ingest/tests/test_pointer_analysis.py::TestPointerAnalyzer::test_alias_info_dataclass_fields PASSED [ 42%]
src/bridges/cuda_ingest/tests/test_pointer_analysis.py::TestPointerAnalyzer::test_empty_kernel_no_aliases PASSED [ 43%]
src/bridges/cuda_ingest/tests/test_shared_memory.py::TestSharedMemoryAnalyzer::test_analyzer_init PASSED [ 44%]
src/bridges/cuda_ingest/tests/test_shared_memory.py::TestSharedMemoryAnalyzer::test_analyze_static_shared PASSED [ 46%]
src/bridges/cuda_ingest/tests/test_shared_memory.py::TestSharedMemoryAnalyzer::test_total_bytes_calculation PASSED [ 47%]
src/bridges/cuda_ingest/tests/test_shared_memory.py::TestSharedMemoryAnalyzer::test_bank_conflict_detection PASSED [ 48%]
src/bridges/cuda_ingest/tests/test_shared_memory.py::TestSharedMemoryAnalyzer::test_generate_triton_allocation_static PASSED [ 50%]
src/bridges/cuda_ingest/tests/test_shared_memory.py::TestSharedMemoryAnalyzer::test_generate_triton_allocation_dynamic PASSED [ 51%]
src/bridges/cuda_ingest/tests/test_shared_memory.py::TestSharedMemoryAnalyzer::test_generate_all_allocations PASSED [ 52%]
src/bridges/cuda_ingest/tests/test_shared_memory.py::TestSharedMemoryAnalyzer::test_no_shared_memory PASSED [ 53%]
src/bridges/cuda_ingest/tests/test_shared_memory.py::TestSharedMemoryAnalyzer::test_2d_shared_memory_size_is_product PASSED [ 55%]
src/bridges/cuda_ingest/tests/test_shared_memory.py::TestSharedMemoryAnalyzer::test_3d_shared_memory_size_is_product PASSED [ 56%]
src/bridges/cuda_ingest/tests/test_shared_memory.py::TestSharedMemoryAnalyzer::test_4d_shared_memory_size_is_product PASSED [ 57%]
src/bridges/cuda_ingest/tests/test_shared_memory.py::TestSharedMemoryAnalyzer::test_mixed_static_dynamic_is_dynamic PASSED [ 59%]
src/bridges/cuda_ingest/tests/test_translator.py::TestCudaToTritonTranslator::test_translator_init PASSED [ 60%]
src/bridges/cuda_ingest/tests/test_translator.py::TestCudaToTritonTranslator::test_translate_simple_kernel PASSED [ 61%]
src/bridges/cuda_ingest/tests/test_translator.py::TestCudaToTritonTranslator::test_translate_matmul_kernel PASSED [ 63%]
src/bridges/cuda_ingest/tests/test_translator.py::TestCudaToTritonTranslator::test_translate_rejects_device_function PASSED [ 64%]
src/bridges/cuda_ingest/tests/test_translator.py::TestCudaToTritonTranslator::test_translation_preserves_kernel_name PASSED [ 65%]
src/bridges/cuda_ingest/tests/test_translator.py::TestCudaToTritonTranslator::test_translation_records_pointer_layouts PASSED [ 67%]
src/bridges/cuda_ingest/tests/test_translator.py::TestCudaToTritonTranslator::test_translation_records_shared_mem_plan PASSED [ 68%]
src/bridges/cuda_ingest/tests/test_translator.py::TestCudaToTritonTranslator::test_translation_collects_warnings PASSED [ 69%]
src/bridges/cuda_ingest/tests/test_translator.py::TestBlockLinearizationPattern::test_gpu_path_rewrites_block_linearization PASSED [ 71%]
src/bridges/cuda_ingest/tests/test_translator.py::TestBlockLinearizationPattern::test_cpu_path_rewrites_block_linearization PASSED [ 72%]
src/bridges/cuda_ingest/tests/test_translator.py::TestBlockLinearizationPattern::test_block_linearization_handles_y_dimension PASSED [ 73%]
src/bridges/cuda_ingest/tests/test_translator.py::TestBlockLinearizationPattern::test_mixed_dim_pattern_falls_through PASSED [ 75%]
src/bridges/cuda_ingest/tests/test_translator.py::TestCompoundAssignmentDecomposition::test_decompose_simple_plus_equals PASSED [ 76%]
src/bridges/cuda_ingest/tests/test_translator.py::TestCompoundAssignmentDecomposition::test_decompose_minus_equals PASSED [ 77%]
src/bridges/cuda_ingest/tests/test_translator.py::TestCompoundAssignmentDecomposition::test_decompose_all_compound_operators PASSED [ 78%]
src/bridges/cuda_ingest/tests/test_translator.py::TestCompoundAssignmentDecomposition::test_decompose_non_compound_returns_none PASSED [ 80%]
src/bridges/cuda_ingest/tests/test_translator.py::TestCompoundAssignmentDecomposition::test_decompose_memory_deref_emits_review_comment PASSED [ 81%]
src/bridges/cuda_ingest/tests/test_translator.py::TestCompoundAssignmentDecomposition::test_decompose_struct_field_emits_review_comment PASSED [ 82%]
src/bridges/cuda_ingest/tests/test_translator.py::TestCompoundAssignmentDecomposition::test_decompose_with_rhs_compound_expression PASSED [ 84%]
src/bridges/cuda_ingest/tests/test_translator.py::TestCompoundAssignmentDecomposition::test_is_scalar_lhs PASSED [ 85%]
src/bridges/cuda_ingest/tests/test_translator.py::TestCompoundAssignmentDecomposition::test_full_translation_emits_three_lines PASSED [ 86%]
src/bridges/cuda_ingest/tests/test_translator.py::TestCompoundAssignmentDecomposition::test_atomic_unsafe_top_level_compound PASSED [ 88%]
src/bridges/cuda_ingest/tests/test_translator.py::TestCpp11Features::test_auto_declaration_strips_type PASSED [ 89%]
src/bridges/cuda_ingest/tests/test_translator.py::TestCpp11Features::test_auto_reference_declaration_strips_type PASSED [ 90%]
src/bridges/cuda_ingest/tests/test_translator.py::TestCpp11Features::test_const_auto_pointer_declaration_strips_type PASSED [ 92%]
src/bridges/cuda_ingest/tests/test_translator.py::TestCpp11Features::test_decltype_declaration_strips_type PASSED [ 93%]
src/bridges/cuda_ingest/tests/test_translator.py::TestCpp11Features::test_static_const_decltype_strips_type PASSED [ 94%]
src/bridges/cuda_ingest/tests/test_translator.py::TestCpp11Features::test_std_move_unwrapped PASSED [ 96%]
src/bridges/cuda_ingest/tests/test_translator.py::TestCpp11Features::test_std_move_does_not_match_substring PASSED [ 97%]
src/bridges/cuda_ingest/tests/test_translator.py::TestSharedMemoryMultiDim::test_translator_records_total_size_for_2d PASSED [ 98%]
src/bridges/cuda_ingest/tests/test_translator.py::TestSharedMemoryMultiDim::test_translator_emits_tl_zeros_for_2d PASSED [100%]

=================================== FAILURES ===================================
/workspaces/NVINDIA_CUD/src/bridges/cuda_ingest/tests/test_cuda_parser.py:83: AssertionError: assert 6 == 5
=========================== short test summary info ============================
FAILED src/bridges/cuda_ingest/tests/test_cuda_parser.py::TestCudaParser::test_parse_matmul_kernel
========================= 1 failed, 75 passed in 1.84s =========================
