============================= test session starts ==============================
collecting ... collected 368 items

src/bridges/pytorch_xla/tests/test_collective_insertion.py::TestCollectiveType::test_values_match_stablehlo_ops PASSED [  0%]
src/bridges/pytorch_xla/tests/test_collective_insertion.py::TestCollectiveType::test_member_count PASSED [  0%]
src/bridges/pytorch_xla/tests/test_collective_insertion.py::TestTensorShapeParsing::test_parse_valid[tensor<128x256xf32>-expected_shape0-f32] PASSED [  0%]
src/bridges/pytorch_xla/tests/test_collective_insertion.py::TestTensorShapeParsing::test_parse_valid[tensor<4xi64>-expected_shape1-i64] PASSED [  1%]
src/bridges/pytorch_xla/tests/test_collective_insertion.py::TestTensorShapeParsing::test_parse_valid[tensor<f32>-expected_shape2-f32] PASSED [  1%]
src/bridges/pytorch_xla/tests/test_collective_insertion.py::TestTensorShapeParsing::test_parse_valid[tensor<2x2xbf16>-expected_shape3-bf16] PASSED [  1%]
src/bridges/pytorch_xla/tests/test_collective_insertion.py::TestTensorShapeParsing::test_parse_valid[tensor<1x1x1xi8>-expected_shape4-i8] PASSED [  1%]
src/bridges/pytorch_xla/tests/test_collective_insertion.py::TestTensorShapeParsing::test_parse_invalid_raises PASSED [  2%]
src/bridges/pytorch_xla/tests/test_collective_insertion.py::TestTensorBytes::test_tensor_bytes[shape0-f32-65536] PASSED [  2%]
src/bridges/pytorch_xla/tests/test_collective_insertion.py::TestTensorBytes::test_tensor_bytes[shape1-f16-8192] PASSED [  2%]
src/bridges/pytorch_xla/tests/test_collective_insertion.py::TestTensorBytes::test_tensor_bytes[shape2-bf16-2048] PASSED [  2%]
src/bridges/pytorch_xla/tests/test_collective_insertion.py::TestTensorBytes::test_tensor_bytes[shape3-i64-64] PASSED [  3%]
src/bridges/pytorch_xla/tests/test_collective_insertion.py::TestTensorBytes::test_tensor_bytes[shape4-i1-1] PASSED [  3%]
src/bridges/pytorch_xla/tests/test_collective_insertion.py::TestTensorBytes::test_tensor_bytes[shape5-f32-4] PASSED [  3%]
src/bridges/pytorch_xla/tests/test_collective_insertion.py::TestTensorBytes::test_tensor_bytes[shape6-unknown_dtype-40000] PASSED [  4%]
src/bridges/pytorch_xla/tests/test_collective_insertion.py::TestCollectiveVolume::test_all_reduce_volume PASSED [  4%]
src/bridges/pytorch_xla/tests/test_collective_insertion.py::TestCollectiveVolume::test_all_gather_volume PASSED [  4%]
src/bridges/pytorch_xla/tests/test_collective_insertion.py::TestCollectiveVolume::test_reduce_scatter_volume PASSED [  4%]
src/bridges/pytorch_xla/tests/test_collective_insertion.py::TestCollectiveVolume::test_all_to_all_volume PASSED [  5%]
src/bridges/pytorch_xla/tests/test_collective_insertion.py::TestCollectiveVolume::test_single_device_is_zero[CollectiveType.ALL_REDUCE] PASSED [  5%]
src/bridges/pytorch_xla/tests/test_collective_insertion.py::TestCollectiveVolume::test_single_device_is_zero[CollectiveType.ALL_GATHER] PASSED [  5%]
src/bridges/pytorch_xla/tests/test_collective_insertion.py::TestCollectiveVolume::test_single_device_is_zero[CollectiveType.REDUCE_SCATTER] PASSED [  5%]
src/bridges/pytorch_xla/tests/test_collective_insertion.py::TestCollectiveVolume::test_single_device_is_zero[CollectiveType.ALL_TO_ALL] PASSED [  6%]
src/bridges/pytorch_xla/tests/test_collective_insertion.py::TestCollectiveVolume::test_volume_scales_with_tensor_bytes PASSED [  6%]
src/bridges/pytorch_xla/tests/test_collective_insertion.py::TestCollectiveVolume::test_volume_scales_with_num_devices PASSED [  6%]
src/bridges/pytorch_xla/tests/test_collective_insertion.py::TestExtractFuncArgTypes::test_extracts_args PASSED [  7%]
src/bridges/pytorch_xla/tests/test_collective_insertion.py::TestExtractFuncArgTypes::test_no_func_returns_empty PASSED [  7%]
src/bridges/pytorch_xla/tests/test_collective_insertion.py::TestPlanCollectives::test_replicated_no_collectives PASSED [  7%]
src/bridges/pytorch_xla/tests/test_collective_insertion.py::TestPlanCollectives::test_data_parallel_emits_four_collectives PASSED [  7%]
src/bridges/pytorch_xla/tests/test_collective_insertion.py::TestPlanCollectives::test_tensor_parallel_2d_mesh PASSED [  8%]
src/bridges/pytorch_xla/tests/test_collective_insertion.py::TestPlanCollectives::test_volume_scales_with_shape PASSED [  8%]
src/bridges/pytorch_xla/tests/test_collective_insertion.py::TestPlanCollectives::test_dtype_falls_back_to_f32 PASSED [  8%]
src/bridges/pytorch_xla/tests/test_collective_insertion.py::TestCommLibrarySelection::test_nvidia_mesh_uses_nccl PASSED [  8%]
src/bridges/pytorch_xla/tests/test_collective_insertion.py::TestCommLibrarySelection::test_amd_mesh_uses_rccl PASSED [  9%]
src/bridges/pytorch_xla/tests/test_collective_insertion.py::TestCommLibrarySelection::test_intel_mesh_uses_oneccl PASSED [  9%]
src/bridges/pytorch_xla/tests/test_collective_insertion.py::TestCommLibrarySelection::test_heterogeneous_mesh_uses_mixed PASSED [  9%]
src/bridges/pytorch_xla/tests/test_collective_insertion.py::TestCommLibrarySelection::test_no_mesh_falls_back_to_nccl PASSED [ 10%]
src/bridges/pytorch_xla/tests/test_collective_insertion.py::TestEmitCollectives::test_emit_inserts_all_four_collectives PASSED [ 10%]
src/bridges/pytorch_xla/tests/test_collective_insertion.py::TestEmitCollectives::test_emit_preserves_function_signature PASSED [ 10%]
src/bridges/pytorch_xla/tests/test_collective_insertion.py::TestEmitCollectives::test_emit_carries_channel_handle PASSED [ 10%]
src/bridges/pytorch_xla/tests/test_collective_insertion.py::TestEmitCollectives::test_emit_carries_replica_groups PASSED [ 11%]
src/bridges/pytorch_xla/tests/test_collective_insertion.py::TestEmitCollectives::test_emit_replicated_module_is_unchanged PASSED [ 11%]
src/bridges/pytorch_xla/tests/test_collective_insertion.py::TestEmitCollectives::test_emit_total_bytes_matches_sum PASSED [ 11%]
src/bridges/pytorch_xla/tests/test_collective_insertion.py::TestEmitCollectives::test_emit_with_bf16_dtype PASSED [ 11%]
src/bridges/pytorch_xla/tests/test_collective_insertion.py::TestEmitCollectives::test_emit_with_return_inside_function PASSED [ 12%]
src/bridges/pytorch_xla/tests/test_collective_insertion.py::TestCommBackendWiring::test_heterogeneous_mesh_backend_usage PASSED [ 12%]
src/bridges/pytorch_xla/tests/test_collective_insertion.py::TestCommBackendWiring::test_homogeneous_nvidia_backend_usage PASSED [ 12%]
src/bridges/pytorch_xla/tests/test_collective_insertion.py::TestCollectiveInserterClass::test_default_construction PASSED [ 13%]
src/bridges/pytorch_xla/tests/test_collective_insertion.py::TestCollectiveInserterClass::test_custom_channel_id_base PASSED [ 13%]
src/bridges/pytorch_xla/tests/test_collective_insertion.py::TestCollectiveInserterClass::test_invalid_module_returns_error_result PASSED [ 13%]
src/bridges/pytorch_xla/tests/test_collective_insertion.py::TestCollectiveInserterClass::test_unusable_module_returns_error_result PASSED [ 13%]
src/bridges/pytorch_xla/tests/test_collective_insertion.py::TestCollectiveInserterClass::test_empty_spec_passes_through PASSED [ 14%]
src/bridges/pytorch_xla/tests/test_collective_insertion.py::TestCollectiveInserterClass::test_inserted_collective_is_frozen PASSED [ 14%]
src/bridges/pytorch_xla/tests/test_collective_insertion.py::TestPropertyCollectivePlan::test_plan_count_matches_axes PASSED [ 14%]
src/bridges/pytorch_xla/tests/test_collective_insertion.py::TestPropertyCollectivePlan::test_plan_covers_all_four_collective_types PASSED [ 14%]
src/bridges/pytorch_xla/tests/test_collective_insertion.py::TestPropertyCollectivePlan::test_each_collective_has_valid_comm_library PASSED [ 15%]
src/bridges/pytorch_xla/tests/test_collective_insertion.py::TestPropertyCollectivePlan::test_estimated_bytes_are_computed_from_shape PASSED [ 15%]
src/bridges/pytorch_xla/tests/test_collective_insertion.py::TestPropertyCollectivePlan::test_emit_produces_parseable_mlir PASSED [ 15%]
src/bridges/pytorch_xla/tests/test_collective_insertion.py::TestPropertyCollectivePlan::test_total_bytes_equals_sum_of_inserted PASSED [ 16%]
src/bridges/pytorch_xla/tests/test_collective_insertion.py::TestPropertyCommBackend::test_backend_selection_by_vendor PASSED [ 16%]
src/bridges/pytorch_xla/tests/test_comm_backend.py::TestCommBackend::test_homogeneous_mesh_no_bridges PASSED [ 16%]
src/bridges/pytorch_xla/tests/test_comm_backend.py::TestCommBackend::test_heterogeneous_mesh_has_bridges PASSED [ 16%]
src/bridges/pytorch_xla/tests/test_comm_backend.py::TestCommBackend::test_select_library_for_vendor PASSED [ 17%]
src/bridges/pytorch_xla/tests/test_comm_backend.py::TestCommBackend::test_select_library_for_op_homogeneous PASSED [ 17%]
src/bridges/pytorch_xla/tests/test_comm_backend.py::TestCommBackend::test_select_library_for_op_mixed PASSED [ 17%]
src/bridges/pytorch_xla/tests/test_comm_backend.py::TestCommBackend::test_select_library_for_op_empty PASSED [ 17%]
src/bridges/pytorch_xla/tests/test_comm_backend.py::TestCommBackend::test_get_stats PASSED [ 18%]
src/bridges/pytorch_xla/tests/test_comm_backend.py::TestCommBackend::test_bridge_is_marked_cross_vendor PASSED [ 18%]
src/bridges/pytorch_xla/tests/test_comm_bridge.py::TestP2PCapability::test_same_device_is_full PASSED [ 18%]
src/bridges/pytorch_xla/tests/test_comm_bridge.py::TestP2PCapability::test_same_vendor_nvlink_is_full PASSED [ 19%]
src/bridges/pytorch_xla/tests/test_comm_bridge.py::TestP2PCapability::test_same_vendor_infinity_fabric_is_full PASSED [ 19%]
src/bridges/pytorch_xla/tests/test_comm_bridge.py::TestP2PCapability::test_different_host_is_host_staged PASSED [ 19%]
src/bridges/pytorch_xla/tests/test_comm_bridge.py::TestP2PCapability::test_cross_vendor_ualink_is_full PASSED [ 19%]
src/bridges/pytorch_xla/tests/test_comm_bridge.py::TestP2PCapability::test_cross_vendor_pcie_is_host_staged PASSED [ 20%]
src/bridges/pytorch_xla/tests/test_comm_bridge.py::TestP2PCapability::test_cross_vendor_mixed_qualifiers_is_host_staged PASSED [ 20%]
src/bridges/pytorch_xla/tests/test_comm_bridge.py::TestP2PCapability::test_same_vendor_pcie_is_full PASSED [ 20%]
src/bridges/pytorch_xla/tests/test_comm_bridge.py::TestP2PCapability::test_symmetric PASSED [ 20%]
src/bridges/pytorch_xla/tests/test_comm_bridge.py::TestBackendMetadata::test_nccl_backend_identity PASSED [ 21%]
src/bridges/pytorch_xla/tests/test_comm_bridge.py::TestBackendMetadata::test_rccl_backend_identity PASSED [ 21%]
src/bridges/pytorch_xla/tests/test_comm_bridge.py::TestBackendMetadata::test_oneccl_backend_identity PASSED [ 21%]
src/bridges/pytorch_xla/tests/test_comm_bridge.py::TestBackendMetadata::test_describe_contains_key_fields PASSED [ 22%]
src/bridges/pytorch_xla/tests/test_comm_bridge.py::TestBackendMetadata::test_is_available_caches PASSED [ 22%]
src/bridges/pytorch_xla/tests/test_comm_bridge.py::TestBackendMetadata::test_negative_device_id_rejected PASSED [ 22%]
src/bridges/pytorch_xla/tests/test_comm_bridge.py::TestBackendMetadata::test_abstract_cannot_be_instantiated PASSED [ 22%]
src/bridges/pytorch_xla/tests/test_comm_bridge.py::TestAvailabilityProbes::test_nccl_probe_false_without_backend PASSED [ 23%]
src/bridges/pytorch_xla/tests/test_comm_bridge.py::TestAvailabilityProbes::test_nccl_probe_requires_cuda PASSED [ 23%]
src/bridges/pytorch_xla/tests/test_comm_bridge.py::TestAvailabilityProbes::test_rccl_probe_handles_missing_cuda PASSED [ 23%]
src/bridges/pytorch_xla/tests/test_comm_bridge.py::TestAvailabilityProbes::test_oneccl_probe_handles_missing_xpu PASSED [ 23%]
src/bridges/pytorch_xla/tests/test_comm_bridge.py::TestMakeBackend::test_factory_returns_nccl PASSED [ 24%]
src/bridges/pytorch_xla/tests/test_comm_bridge.py::TestMakeBackend::test_factory_returns_rccl PASSED [ 24%]
src/bridges/pytorch_xla/tests/test_comm_bridge.py::TestMakeBackend::test_factory_returns_oneccl PASSED [ 24%]
src/bridges/pytorch_xla/tests/test_comm_bridge.py::TestMakeBackend::test_factory_rejects_gloo PASSED [ 25%]
src/bridges/pytorch_xla/tests/test_comm_bridge.py::TestMakeBackend::test_factory_rejects_mixed PASSED [ 25%]
src/bridges/pytorch_xla/tests/test_comm_bridge.py::TestMakeBackend::test_factory_rejects_ualink PASSED [ 25%]
src/bridges/pytorch_xla/tests/test_comm_bridge.py::TestCrossVendorBridge::test_construction_assigns_backends PASSED [ 25%]
src/bridges/pytorch_xla/tests/test_comm_bridge.py::TestCrossVendorBridge::test_library_is_mixed PASSED [ 26%]
src/bridges/pytorch_xla/tests/test_comm_bridge.py::TestCrossVendorBridge::test_vendor_reports_source PASSED [ 26%]
src/bridges/pytorch_xla/tests/test_comm_bridge.py::TestCrossVendorBridge::test_is_available_requires_both PASSED [ 26%]
src/bridges/pytorch_xla/tests/test_comm_bridge.py::TestCrossVendorBridge::test_uses_host_staging_default_for_cross_vendor PASSED [ 26%]
src/bridges/pytorch_xla/tests/test_comm_bridge.py::TestCrossVendorBridge::test_uses_host_staging_skipped_for_ualink PASSED [ 27%]
src/bridges/pytorch_xla/tests/test_comm_bridge.py::TestCrossVendorBridge::test_force_host_staging_overrides_p2p PASSED [ 27%]
src/bridges/pytorch_xla/tests/test_comm_bridge.py::TestCrossVendorBridge::test_describe_includes_p2p_metadata PASSED [ 27%]
src/bridges/pytorch_xla/tests/test_comm_bridge.py::TestCrossVendorBridge::test_rejects_same_backend_twice PASSED [ 27%]
src/bridges/pytorch_xla/tests/test_comm_bridge.py::TestCrossVendorBridgePrimitives::test_all_reduce_uses_host_staging PASSED [ 28%]
src/bridges/pytorch_xla/tests/test_comm_bridge.py::TestCrossVendorBridgePrimitives::test_send_stages_to_host PASSED [ 28%]
src/bridges/pytorch_xla/tests/test_comm_bridge.py::TestCrossVendorBridgePrimitives::test_recv_stages_from_host PASSED [ 28%]
src/bridges/pytorch_xla/tests/test_comm_bridge.py::TestCrossVendorBridgePrimitives::test_missing_torch_raises_dependency_error PASSED [ 29%]
src/bridges/pytorch_xla/tests/test_comm_bridge.py::TestVendorBackendPrimitives::test_nccl_init_process_group_uses_nccl PASSED [ 29%]
src/bridges/pytorch_xla/tests/test_comm_bridge.py::TestVendorBackendPrimitives::test_oneccl_init_uses_xccl PASSED [ 29%]
src/bridges/pytorch_xla/tests/test_comm_bridge.py::TestVendorBackendPrimitives::test_all_reduce_passes_through PASSED [ 29%]
src/bridges/pytorch_xla/tests/test_comm_bridge.py::TestRealCollectives::test_all_reduce_identity PASSED [ 30%]
src/bridges/pytorch_xla/tests/test_comm_bridge.py::TestRealCollectives::test_all_gather_concatenates PASSED [ 30%]
src/bridges/pytorch_xla/tests/test_comm_bridge.py::TestRealCollectives::test_reduce_scatter_returns_chunk PASSED [ 30%]
src/bridges/pytorch_xla/tests/test_comm_bridge.py::TestRealCollectives::test_all_to_all_identity_on_world_1 PASSED [ 30%]
src/bridges/pytorch_xla/tests/test_comm_bridge.py::TestRealCollectives::test_send_recv_methods_exist PASSED [ 31%]
src/bridges/pytorch_xla/tests/test_comm_bridge.py::TestTorchlessImport::test_module_can_be_imported PASSED [ 31%]
src/bridges/pytorch_xla/tests/test_comm_bridge.py::TestTorchlessImport::test_torchless_path_does_not_crash PASSED [ 31%]
src/bridges/pytorch_xla/tests/test_device_mesh.py::TestMeshDevice::test_mesh_device_creation PASSED [ 32%]
src/bridges/pytorch_xla/tests/test_device_mesh.py::TestMeshDevice::test_mesh_device_metadata PASSED [ 32%]
src/bridges/pytorch_xla/tests/test_device_mesh.py::TestMeshTopology::test_topology_uniform PASSED [ 32%]
src/bridges/pytorch_xla/tests/test_device_mesh.py::TestMeshTopology::test_topology_non_uniform PASSED [ 32%]
src/bridges/pytorch_xla/tests/test_device_mesh.py::TestMeshTopology::test_uniform_3x3_with_zero_diagonal_regression PASSED [ 33%]
src/bridges/pytorch_xla/tests/test_device_mesh.py::TestMeshTopology::test_uniform_2x2 PASSED [ 33%]
src/bridges/pytorch_xla/tests/test_device_mesh.py::TestMeshTopology::test_uniform_4x4 PASSED [ 33%]
src/bridges/pytorch_xla/tests/test_device_mesh.py::TestMeshTopology::test_single_device_is_uniform PASSED [ 33%]
src/bridges/pytorch_xla/tests/test_device_mesh.py::TestMeshTopology::test_empty_topology_is_uniform PASSED [ 34%]
src/bridges/pytorch_xla/tests/test_device_mesh.py::TestMeshTopology::test_only_latency_is_uniform PASSED [ 34%]
src/bridges/pytorch_xla/tests/test_device_mesh.py::TestMeshTopology::test_jagged_rows_are_not_uniform PASSED [ 34%]
src/bridges/pytorch_xla/tests/test_device_mesh.py::TestMeshTopology::test_non_square_matrix_is_not_uniform PASSED [ 35%]
src/bridges/pytorch_xla/tests/test_device_mesh.py::TestMeshTopology::test_non_uniform_two_tiers PASSED [ 35%]
src/bridges/pytorch_xla/tests/test_device_mesh.py::TestMeshTopology::test_tolerance_boundary_uniform PASSED [ 35%]
src/bridges/pytorch_xla/tests/test_device_mesh.py::TestMeshTopology::test_tolerance_boundary_non_uniform PASSED [ 35%]
src/bridges/pytorch_xla/tests/test_device_mesh.py::TestMeshTopology::test_random_uniform_meshes_match_manual_check PASSED [ 36%]
src/bridges/pytorch_xla/tests/test_device_mesh.py::TestMeshTopology::test_random_non_uniform_meshes_match_manual_check PASSED [ 36%]
src/bridges/pytorch_xla/tests/test_device_mesh.py::TestDeviceMesh::test_device_mesh_creation PASSED [ 36%]
src/bridges/pytorch_xla/tests/test_device_mesh.py::TestDeviceMesh::test_homogeneous_mesh PASSED [ 36%]
src/bridges/pytorch_xla/tests/test_device_mesh.py::TestDeviceMesh::test_get_devices_by_vendor PASSED [ 37%]
src/bridges/pytorch_xla/tests/test_device_mesh.py::TestDeviceMesh::test_vendor_mesh_shape PASSED [ 37%]
src/bridges/pytorch_xla/tests/test_device_mesh.py::TestDeviceMesh::test_total_devices PASSED [ 37%]
src/bridges/pytorch_xla/tests/test_device_mesh.py::TestDeviceMesh::test_to_dict PASSED [ 38%]
src/bridges/pytorch_xla/tests/test_dtensor_apply.py::TestDTensorPlan::test_plan_creation PASSED [ 38%]
src/bridges/pytorch_xla/tests/test_dtensor_apply.py::TestDTensorPlan::test_plan_default PASSED [ 38%]
src/bridges/pytorch_xla/tests/test_dtensor_apply.py::TestDTensorApplier::test_applier_init PASSED [ 38%]
src/bridges/pytorch_xla/tests/test_dtensor_apply.py::TestDTensorApplier::test_apply_sharding_creates_plan PASSED [ 39%]
src/bridges/pytorch_xla/tests/test_dtensor_apply.py::TestDTensorApplier::test_placement_for_sharded_tensor PASSED [ 39%]
src/bridges/pytorch_xla/tests/test_dtensor_apply.py::TestDTensorApplier::test_placement_for_replicated_tensor PASSED [ 39%]
src/bridges/pytorch_xla/tests/test_dtensor_apply.py::TestDTensorApplier::test_placement_for_unknown_tensor PASSED [ 39%]
src/bridges/pytorch_xla/tests/test_dtensor_apply.py::TestDTensorApplier::test_plan_includes_collectives PASSED [ 40%]
src/bridges/pytorch_xla/tests/test_graph_capture.py::TestCaptureMode::test_three_modes_present PASSED [ 40%]
src/bridges/pytorch_xla/tests/test_graph_capture.py::TestCaptureMode::test_modes_are_distinct PASSED [ 40%]
src/bridges/pytorch_xla/tests/test_graph_capture.py::TestGraphMetadata::test_cache_key_changes_with_shape PASSED [ 41%]
src/bridges/pytorch_xla/tests/test_graph_capture.py::TestGraphMetadata::test_cache_key_stable_for_same_content PASSED [ 41%]
src/bridges/pytorch_xla/tests/test_graph_capture.py::TestGraphCaptureWithMLP::test_default_mode_is_torch_export PASSED [ 41%]
src/bridges/pytorch_xla/tests/test_graph_capture.py::TestGraphCaptureWithMLP::test_capture_mlp_produces_usable_graph PASSED [ 41%]
src/bridges/pytorch_xla/tests/test_graph_capture.py::TestGraphCaptureWithMLP::test_capture_records_source_hash PASSED [ 42%]
src/bridges/pytorch_xla/tests/test_graph_capture.py::TestGraphCaptureWithMLP::test_capture_accepts_explicit_model_name PASSED [ 42%]
src/bridges/pytorch_xla/tests/test_graph_capture.py::TestGraphCaptureWithMLP::test_capture_default_model_name_uses_class PASSED [ 42%]
src/bridges/pytorch_xla/tests/test_graph_capture.py::TestGraphCaptureWithMLP::test_capture_timing_recorded PASSED [ 42%]
src/bridges/pytorch_xla/tests/test_graph_capture.py::TestGraphCaptureWithMLP::test_capture_generates_readable_text PASSED [ 43%]
src/bridges/pytorch_xla/tests/test_graph_capture.py::TestGraphCaptureModes::test_manual_fx_mode PASSED [ 43%]
src/bridges/pytorch_xla/tests/test_graph_capture.py::TestGraphCaptureModes::test_torch_export_mode PASSED [ 43%]
src/bridges/pytorch_xla/tests/test_graph_capture.py::TestGraphCaptureFailureHandling::test_capture_with_bad_inputs_returns_unusable PASSED [ 44%]
src/bridges/pytorch_xla/tests/test_integration.py::TestShardingBridgeFixture::test_fixture_returns_bridge PASSED [ 44%]
src/bridges/pytorch_xla/tests/test_integration.py::TestShardingBridgeFixture::test_fixture_disables_circuit_breakers PASSED [ 44%]
src/bridges/pytorch_xla/tests/test_integration.py::TestShardingBridgeFixture::test_fixture_has_mock_gspmd PASSED [ 44%]
src/bridges/pytorch_xla/tests/test_integration.py::TestShardingBridgeFixture::test_fixture_has_mock_graph PASSED [ 45%]
src/bridges/pytorch_xla/tests/test_integration.py::TestShardingBridgeFixture::test_fixture_has_mock_stablehlo PASSED [ 45%]
src/bridges/pytorch_xla/tests/test_integration.py::TestShardingBridgeFixture::test_shard_uses_mocked_graph_capture PASSED [ 45%]
src/bridges/pytorch_xla/tests/test_integration.py::TestShardingBridgeFixture::test_shard_uses_mocked_stablehlo_export PASSED [ 45%]
src/bridges/pytorch_xla/tests/test_integration.py::TestShardingBridgeFixture::test_shard_uses_mocked_gspmd PASSED [ 46%]
src/bridges/pytorch_xla/tests/test_integration.py::TestShardingBridgeFixture::test_shard_returns_sharding_result PASSED [ 46%]
src/bridges/pytorch_xla/tests/test_integration.py::TestShardingBridgeFixture::test_shard_success_with_mocked_path PASSED [ 46%]
src/bridges/pytorch_xla/tests/test_integration.py::TestShardingBridgeFixture::test_shard_records_all_stage_durations PASSED [ 47%]
src/bridges/pytorch_xla/tests/test_integration.py::TestShardingBridgeFixture::test_mock_gspmd_called_with_correct_args PASSED [ 47%]
src/bridges/pytorch_xla/tests/test_integration.py::TestShardingBridgeFixture::test_comm_backend_set_per_mesh PASSED [ 47%]
src/bridges/pytorch_xla/tests/test_integration.py::TestShardingBridgeFixture::test_executor_set_per_mesh PASSED [ 47%]
src/bridges/pytorch_xla/tests/test_integration.py::TestShardingBridgeFixture::test_gspmd_failure_propagates PASSED [ 48%]
src/bridges/pytorch_xla/tests/test_integration.py::TestShardingBridgeFixture::test_graph_capture_failure_propagates PASSED [ 48%]
src/bridges/pytorch_xla/tests/test_integration.py::TestShardingBridgeFixture::test_stablehlo_export_failure_propagates PASSED [ 48%]
src/bridges/pytorch_xla/tests/test_integration.py::TestShardingBridgeFixture::test_shard_with_different_meshes PASSED [ 48%]
src/bridges/pytorch_xla/tests/test_integration.py::TestShardingBridgeFixture::test_shard_with_2d_mesh PASSED [ 49%]
src/bridges/pytorch_xla/tests/test_integration.py::TestShardingBridgeFixture::test_shard_with_heterogeneous_mesh PASSED [ 49%]
src/bridges/pytorch_xla/tests/test_integration.py::TestShardingBridgeFixture::test_mocks_restored_after_shard PASSED [ 49%]
src/bridges/pytorch_xla/tests/test_integration.py::TestFullPipelineEndToEnd::test_sharding_config_holds_all_fields PASSED [ 50%]
src/bridges/pytorch_xla/tests/test_integration.py::TestFullPipelineEndToEnd::test_shard_with_real_model_and_skip_flags PASSED [ 50%]
src/bridges/pytorch_xla/tests/test_integration.py::TestFullPipelineEndToEnd::test_shard_result_dict_contains_all_keys PASSED [ 50%]
src/bridges/pytorch_xla/tests/test_integration.py::TestFullPipelineEndToEnd::test_shard_result_is_usable_when_successful PASSED [ 50%]
src/bridges/pytorch_xla/tests/test_integration.py::TestFullPipelineEndToEnd::test_total_duration_recorded PASSED [ 51%]
src/bridges/pytorch_xla/tests/test_integration.py::TestFullPipelineEndToEnd::test_pipeline_with_skip_sharding_only PASSED [ 51%]
src/bridges/pytorch_xla/tests/test_integration.py::TestGSPMDFallbackTiers::test_three_tiers_defined PASSED [ 51%]
src/bridges/pytorch_xla/tests/test_integration.py::TestGSPMDFallbackTiers::test_tier_availability_checks_exist PASSED [ 51%]
src/bridges/pytorch_xla/tests/test_integration.py::TestGSPMDFallbackTiers::test_torch_xla_tier_not_available_without_torch_xla PASSED [ 52%]
src/bridges/pytorch_xla/tests/test_integration.py::TestGSPMDFallbackTiers::test_openxla_pjrt_tier_not_available_without_torch_xla PASSED [ 52%]
src/bridges/pytorch_xla/tests/test_integration.py::TestGSPMDFallbackTiers::test_graph_partition_tier_always_available PASSED [ 52%]
src/bridges/pytorch_xla/tests/test_integration.py::TestGSPMDFallbackTiers::test_gspmd_runner_falls_through_to_graph_partition PASSED [ 52%]
src/bridges/pytorch_xla/tests/test_integration.py::TestGSPMDFallbackTiers::test_gspmd_runner_with_invalid_module PASSED [ 53%]
src/bridges/pytorch_xla/tests/test_integration.py::TestGSPMDFallbackTiers::test_gspmd_runner_with_wrong_module_type PASSED [ 53%]
src/bridges/pytorch_xla/tests/test_integration.py::TestGSPMDFallbackTiers::test_gspmd_runner_diagnostics_on_success PASSED [ 53%]
src/bridges/pytorch_xla/tests/test_integration.py::TestGSPMDFallbackTiers::test_gspmd_runner_caches_results PASSED [ 54%]
src/bridges/pytorch_xla/tests/test_integration.py::TestGSPMDFallbackTiers::test_gspmd_runner_data_parallel_strategy PASSED [ 54%]
src/bridges/pytorch_xla/tests/test_integration.py::TestGSPMDFallbackTiers::test_gspmd_runner_replicated_strategy PASSED [ 54%]
src/bridges/pytorch_xla/tests/test_integration.py::TestGSPMDFallbackTiers::test_gspmd_runner_model_parallel_strategy PASSED [ 54%]
src/bridges/pytorch_xla/tests/test_integration.py::TestGSPMDFallbackTiers::test_gspmd_runner_tensor_parallel_2d_mesh PASSED [ 55%]
src/bridges/pytorch_xla/tests/test_integration.py::TestGSPMDFallbackTiers::test_custom_shardings_override_strategy PASSED [ 55%]
src/bridges/pytorch_xla/tests/test_integration.py::TestGSPMDFallbackTiers::test_inserts_collectives PASSED [ 55%]
src/bridges/pytorch_xla/tests/test_integration.py::TestGSPMDFallbackTiers::test_graph_partition_tier_shards PASSED [ 55%]
src/bridges/pytorch_xla/tests/test_integration.py::TestGSPMDFallbackTiers::test_graph_partition_tier_inserts_collective_ops PASSED [ 56%]
src/bridges/pytorch_xla/tests/test_integration.py::TestGSPMDFallbackTiers::test_gspmd_runner_with_empty_module PASSED [ 56%]
src/bridges/pytorch_xla/tests/test_integration.py::TestStableHLOExportFallbackTiers::test_three_export_tiers_defined PASSED [ 56%]
src/bridges/pytorch_xla/tests/test_integration.py::TestStableHLOExportFallbackTiers::test_torch_xla_exporter_not_available PASSED [ 57%]
src/bridges/pytorch_xla/tests/test_integration.py::TestStableHLOExportFallbackTiers::test_onnx_exporter_not_available_without_onnx PASSED [ 57%]
src/bridges/pytorch_xla/tests/test_integration.py::TestStableHLOExportFallbackTiers::test_tvm_exporter_not_available_without_tvm PASSED [ 57%]
src/bridges/pytorch_xla/tests/test_integration.py::TestStableHLOExportFallbackTiers::test_exporter_raises_when_all_tiers_unavailable PASSED [ 57%]
src/bridges/pytorch_xla/tests/test_integration.py::TestStableHLOExportFallbackTiers::test_exporter_disabled_tvm_path PASSED [ 58%]
src/bridges/pytorch_xla/tests/test_integration.py::TestStableHLOExportFallbackTiers::test_exporter_raises_on_none_captured PASSED [ 58%]
src/bridges/pytorch_xla/tests/test_integration.py::TestCommCostModel::test_all_reduce_zero_for_single_device PASSED [ 58%]
src/bridges/pytorch_xla/tests/test_integration.py::TestCommCostModel::test_all_reduce_formula PASSED [ 58%]
src/bridges/pytorch_xla/tests/test_integration.py::TestCommCostModel::test_all_reduce_large_tensor PASSED [ 59%]
src/bridges/pytorch_xla/tests/test_integration.py::TestCommCostModel::test_all_gather_zero_for_single_device PASSED [ 59%]
src/bridges/pytorch_xla/tests/test_integration.py::TestCommCostModel::test_all_gather_formula PASSED [ 59%]
src/bridges/pytorch_xla/tests/test_integration.py::TestCommCostModel::test_reduce_scatter_formula PASSED [ 60%]
src/bridges/pytorch_xla/tests/test_integration.py::TestCommCostModel::test_all_to_all_zero_for_single_device PASSED [ 60%]
src/bridges/pytorch_xla/tests/test_integration.py::TestCommCostModel::test_all_to_all_formula PASSED [ 60%]
src/bridges/pytorch_xla/tests/test_integration.py::TestCommCostModel::test_estimate_tensor_bytes PASSED [ 60%]
src/bridges/pytorch_xla/tests/test_integration.py::TestCommCostModel::test_estimate_tensor_bytes_empty_shape PASSED [ 61%]
src/bridges/pytorch_xla/tests/test_integration.py::TestCommCostModel::test_estimate_tensor_bytes_float64 PASSED [ 61%]
src/bridges/pytorch_xla/tests/test_integration.py::TestCollectiveInsertion::test_no_collectives_for_replicated PASSED [ 61%]
src/bridges/pytorch_xla/tests/test_integration.py::TestCollectiveInsertion::test_collectives_for_sharded_tensor PASSED [ 61%]
src/bridges/pytorch_xla/tests/test_integration.py::TestCollectiveInsertion::test_collectives_contain_estimated_bytes PASSED [ 62%]
src/bridges/pytorch_xla/tests/test_integration.py::TestCollectiveInsertion::test_collectives_contain_tensor_name PASSED [ 62%]
src/bridges/pytorch_xla/tests/test_integration.py::TestCollectiveInsertion::test_collectives_2d_mesh PASSED [ 62%]
src/bridges/pytorch_xla/tests/test_integration.py::TestCollectiveInsertion::test_collectives_multiple_tensors PASSED [ 63%]
src/bridges/pytorch_xla/tests/test_integration.py::TestCollectiveInsertion::test_collectives_estimated_bytes_match_cost_model PASSED [ 63%]
src/bridges/pytorch_xla/tests/test_integration.py::TestCollectiveInsertion::test_comm_volume_aggregation PASSED [ 63%]
src/bridges/pytorch_xla/tests/test_integration.py::TestCrossVendorCommunication::test_homogeneous_nvidia_no_bridges PASSED [ 63%]
src/bridges/pytorch_xla/tests/test_integration.py::TestCrossVendorCommunication::test_homogeneous_amd_no_bridges PASSED [ 64%]
src/bridges/pytorch_xla/tests/test_integration.py::TestCrossVendorCommunication::test_heterogeneous_nvidia_amd_has_bridge PASSED [ 64%]
src/bridges/pytorch_xla/tests/test_integration.py::TestCrossVendorCommunication::test_heterogeneous_three_vendors PASSED [ 64%]
src/bridges/pytorch_xla/tests/test_integration.py::TestCrossVendorCommunication::test_cross_vendor_bridge_uses_mixed_library PASSED [ 64%]
src/bridges/pytorch_xla/tests/test_integration.py::TestCrossVendorCommunication::test_cross_vendor_bridge_bandwidth_pcie PASSED [ 65%]
src/bridges/pytorch_xla/tests/test_integration.py::TestCrossVendorCommunication::test_select_library_homogeneous_nvidia PASSED [ 65%]
src/bridges/pytorch_xla/tests/test_integration.py::TestCrossVendorCommunication::test_select_library_homogeneous_amd PASSED [ 65%]
src/bridges/pytorch_xla/tests/test_integration.py::TestCrossVendorCommunication::test_select_library_mixed_vendor PASSED [ 66%]
src/bridges/pytorch_xla/tests/test_integration.py::TestCrossVendorCommunication::test_select_library_empty_devices PASSED [ 66%]
src/bridges/pytorch_xla/tests/test_integration.py::TestCrossVendorCommunication::test_select_library_single_device PASSED [ 66%]
src/bridges/pytorch_xla/tests/test_integration.py::TestCrossVendorCommunication::test_get_group_homogeneous PASSED [ 66%]
src/bridges/pytorch_xla/tests/test_integration.py::TestCrossVendorCommunication::test_get_group_cross_vendor PASSED [ 67%]
src/bridges/pytorch_xla/tests/test_integration.py::TestCrossVendorCommunication::test_get_group_returns_comm_group_type PASSED [ 67%]
src/bridges/pytorch_xla/tests/test_integration.py::TestCrossVendorCommunication::test_stats_include_bridge_count PASSED [ 67%]
src/bridges/pytorch_xla/tests/test_integration.py::TestCrossVendorCommunication::test_stats_include_group_details PASSED [ 67%]
src/bridges/pytorch_xla/tests/test_integration.py::TestCrossVendorCommunication::test_stats_include_bridge_details PASSED [ 68%]
src/bridges/pytorch_xla/tests/test_integration.py::TestCrossVendorCommunication::test_library_selection_per_vendor PASSED [ 68%]
src/bridges/pytorch_xla/tests/test_integration.py::TestCrossVendorCommunication::test_bandwidth_estimation_per_vendor PASSED [ 68%]
src/bridges/pytorch_xla/tests/test_integration.py::TestMeshTopologyUniformity::test_uniform_bandwidth PASSED [ 69%]
src/bridges/pytorch_xla/tests/test_integration.py::TestMeshTopologyUniformity::test_non_uniform_bandwidth PASSED [ 69%]
src/bridges/pytorch_xla/tests/test_integration.py::TestMeshTopologyUniformity::test_uniform_within_threshold PASSED [ 69%]
src/bridges/pytorch_xla/tests/test_integration.py::TestMeshTopologyUniformity::test_empty_matrices_uniform PASSED [ 69%]
src/bridges/pytorch_xla/tests/test_integration.py::TestMeshTopologyUniformity::test_single_device_uniform PASSED [ 70%]
src/bridges/pytorch_xla/tests/test_integration.py::TestMeshTopologyUniformity::test_nvlink_island_non_uniform_with_pcie PASSED [ 70%]
src/bridges/pytorch_xla/tests/test_integration.py::TestMeshTopologyUniformity::test_topology_detects_nvlink_bandwidth PASSED [ 70%]
src/bridges/pytorch_xla/tests/test_integration.py::TestMeshTopologyUniformity::test_uniform_topology_with_same_interconnect PASSED [ 70%]
src/bridges/pytorch_xla/tests/test_integration.py::TestMeshTopologyUniformity::test_heterogeneous_mesh_default_topology PASSED [ 71%]
src/bridges/pytorch_xla/tests/test_integration.py::TestShardingAnnotationMLIR::test_annotate_inserts_real_attribute PASSED [ 71%]
src/bridges/pytorch_xla/tests/test_integration.py::TestShardingAnnotationMLIR::test_annotate_replicated_keyword PASSED [ 71%]
src/bridges/pytorch_xla/tests/test_integration.py::TestShardingAnnotationMLIR::test_annotate_model_parallel_format PASSED [ 72%]
src/bridges/pytorch_xla/tests/test_integration.py::TestShardingAnnotationMLIR::test_annotate_tensor_parallel_2d PASSED [ 72%]
src/bridges/pytorch_xla/tests/test_integration.py::TestShardingAnnotationMLIR::test_annotate_idempotent PASSED [ 72%]
src/bridges/pytorch_xla/tests/test_integration.py::TestShardingAnnotationMLIR::test_annotate_empty_inputs PASSED [ 72%]
src/bridges/pytorch_xla/tests/test_integration.py::TestShardingAnnotationMLIR::test_annotate_unknown_arg PASSED [ 73%]
src/bridges/pytorch_xla/tests/test_integration.py::TestShardingAnnotationMLIR::test_annotate_preserves_body PASSED [ 73%]
src/bridges/pytorch_xla/tests/test_integration.py::TestShardingAnnotationMLIR::test_annotate_multiple_args PASSED [ 73%]
src/bridges/pytorch_xla/tests/test_integration.py::TestShardingAnnotationMLIR::test_insert_sharding_attr_preserves_return_type PASSED [ 73%]
src/bridges/pytorch_xla/tests/test_integration.py::TestShardingAnnotationMLIR::test_sharding_spec_to_string_replicated PASSED [ 74%]
src/bridges/pytorch_xla/tests/test_integration.py::TestShardingAnnotationMLIR::test_sharding_spec_to_string_maximal PASSED [ 74%]
src/bridges/pytorch_xla/tests/test_integration.py::TestShardingAnnotationMLIR::test_sharding_spec_to_string_data_parallel PASSED [ 74%]
src/bridges/pytorch_xla/tests/test_integration.py::TestShardingAnnotationMLIR::test_sharding_spec_to_string_tensor_parallel PASSED [ 75%]
src/bridges/pytorch_xla/tests/test_integration.py::TestShardingAnnotationMLIR::test_sharding_spec_to_string_no_partition_shape PASSED [ 75%]
src/bridges/pytorch_xla/tests/test_integration.py::TestShardingAnnotationMLIR::test_annotate_with_arg0_name PASSED [ 75%]
src/bridges/pytorch_xla/tests/test_integration.py::TestShardingAnnotationMLIR::test_annotate_does_not_add_comments PASSED [ 75%]
src/bridges/pytorch_xla/tests/test_integration.py::TestDTensorApplication::test_dtensor_plan_defaults PASSED [ 76%]
src/bridges/pytorch_xla/tests/test_integration.py::TestDTensorApplication::test_dtensor_plan_not_usable PASSED [ 76%]
src/bridges/pytorch_xla/tests/test_integration.py::TestDTensorApplication::test_dtensor_applier_creation PASSED [ 76%]
src/bridges/pytorch_xla/tests/test_integration.py::TestDTensorApplication::test_apply_sharding_with_spec PASSED [ 76%]
src/bridges/pytorch_xla/tests/test_integration.py::TestDTensorApplication::test_apply_sharding_produces_placements PASSED [ 77%]
src/bridges/pytorch_xla/tests/test_integration.py::TestDTensorApplication::test_placement_for_unknown_tensor PASSED [ 77%]
src/bridges/pytorch_xla/tests/test_integration.py::TestDTensorApplication::test_placement_for_replicated_tensor PASSED [ 77%]
src/bridges/pytorch_xla/tests/test_integration.py::TestDTensorApplication::test_collectives_carried_to_plan PASSED [ 77%]
src/bridges/pytorch_xla/tests/test_integration.py::TestDTensorApplication::test_apply_to_model_noop_without_placements PASSED [ 78%]
src/bridges/pytorch_xla/tests/test_integration.py::TestDTensorApplication::test_sharding_spec_to_lite_conversion PASSED [ 78%]
src/bridges/pytorch_xla/tests/test_integration.py::TestDTensorApplication::test_tensor_sharding_to_lite PASSED [ 78%]
src/bridges/pytorch_xla/tests/test_integration.py::TestDTensorApplication::test_tensor_sharding_from_lite PASSED [ 79%]
src/bridges/pytorch_xla/tests/test_integration.py::TestShardExecution::test_shard_execution_result_defaults PASSED [ 79%]
src/bridges/pytorch_xla/tests/test_integration.py::TestShardExecution::test_shard_execution_result_is_usable_with_binary PASSED [ 79%]
src/bridges/pytorch_xla/tests/test_integration.py::TestShardExecution::test_shard_execution_result_success_requires_binary PASSED [ 79%]
src/bridges/pytorch_xla/tests/test_integration.py::TestShardExecution::test_exeuctor_creation PASSED [ 80%]
src/bridges/pytorch_xla/tests/test_integration.py::TestShardExecution::test_execute_all_shards_returns_list PASSED [ 80%]
src/bridges/pytorch_xla/tests/test_integration.py::TestShardExecution::test_execute_all_shards_returns_one_per_device PASSED [ 80%]
src/bridges/pytorch_xla/tests/test_integration.py::TestShardExecution::test_shard_result_contains_vendor_info PASSED [ 80%]
src/bridges/pytorch_xla/tests/test_integration.py::TestDeviceMeshHeterogeneity::test_single_vendor_not_heterogeneous PASSED [ 81%]
src/bridges/pytorch_xla/tests/test_integration.py::TestDeviceMeshHeterogeneity::test_dual_vendor_heterogeneous PASSED [ 81%]
src/bridges/pytorch_xla/tests/test_integration.py::TestDeviceMeshHeterogeneity::test_get_devices_by_vendor PASSED [ 81%]
src/bridges/pytorch_xla/tests/test_integration.py::TestDeviceMeshHeterogeneity::test_vendor_mesh_shape PASSED [ 82%]
src/bridges/pytorch_xla/tests/test_integration.py::TestDeviceMeshHeterogeneity::test_to_dict_includes_vendors PASSED [ 82%]
src/bridges/pytorch_xla/tests/test_integration.py::TestDeviceMeshHeterogeneity::test_mesh_device_display_name PASSED [ 82%]
src/bridges/pytorch_xla/tests/test_integration.py::TestDeviceMeshHeterogeneity::test_num_devices_property PASSED [ 82%]
src/bridges/pytorch_xla/tests/test_integration.py::TestDeviceMeshHeterogeneity::test_mesh_shape_different_from_num_devices PASSED [ 83%]
src/bridges/pytorch_xla/tests/test_integration.py::TestDeviceMeshHeterogeneity::test_amd_device_detection PASSED [ 83%]
src/bridges/pytorch_xla/tests/test_integration.py::TestDeviceMeshHeterogeneity::test_intel_device_detection PASSED [ 83%]
src/bridges/pytorch_xla/tests/test_integration.py::TestDeviceMeshHeterogeneity::test_vendor_in_target_inference PASSED [ 83%]
src/bridges/pytorch_xla/tests/test_integration.py::TestDeviceMeshHeterogeneity::test_list_mesh_falls_back_to_llvm PASSED [ 84%]
src/bridges/pytorch_xla/tests/test_integration.py::TestEdgeCases::test_empty_device_mesh PASSED [ 84%]
src/bridges/pytorch_xla/tests/test_integration.py::TestEdgeCases::test_single_device_mesh PASSED [ 84%]
src/bridges/pytorch_xla/tests/test_integration.py::TestEdgeCases::test_zero_size_mesh_shape PASSED [ 85%]
src/bridges/pytorch_xla/tests/test_integration.py::TestEdgeCases::test_sharding_spec_with_no_tensors PASSED [ 85%]
src/bridges/pytorch_xla/tests/test_integration.py::TestEdgeCases::test_sharding_spec_cache_key_with_no_tensors PASSED [ 85%]
src/bridges/pytorch_xla/tests/test_integration.py::TestEdgeCases::test_collectives_with_zero_devices PASSED [ 85%]
src/bridges/pytorch_xla/tests/test_integration.py::TestEdgeCases::test_cost_model_with_huge_device_count PASSED [ 86%]
src/bridges/pytorch_xla/tests/test_integration.py::TestEdgeCases::test_cost_model_with_zero_tensor PASSED [ 86%]
src/bridges/pytorch_xla/tests/test_integration.py::TestEdgeCases::test_annotate_with_malformed_mlir PASSED [ 86%]
src/bridges/pytorch_xla/tests/test_integration.py::TestEdgeCases::test_annotate_with_no_func_func PASSED [ 86%]
src/bridges/pytorch_xla/tests/test_integration.py::TestEdgeCases::test_sharding_config_with_empty_example_inputs PASSED [ 87%]
src/bridges/pytorch_xla/tests/test_integration.py::TestEdgeCases::test_sharding_result_is_usable_without_dtensor PASSED [ 87%]
src/bridges/pytorch_xla/tests/test_integration.py::TestEdgeCases::test_comm_group_properties PASSED [ 87%]
src/bridges/pytorch_xla/tests/test_integration.py::TestEdgeCases::test_tensor_sharding_default_replicate_true PASSED [ 88%]
src/bridges/pytorch_xla/tests/test_integration.py::TestEdgeCases::test_gspmd_result_is_usable PASSED [ 88%]
src/bridges/pytorch_xla/tests/test_integration.py::TestEdgeCases::test_sharding_strategy_enum_values PASSED [ 88%]
src/bridges/pytorch_xla/tests/test_integration.py::TestEdgeCases::test_gspmd_result_with_tier_info PASSED [ 88%]
src/bridges/pytorch_xla/tests/test_integration.py::TestEdgeCases::test_all_to_all_with_many_devices PASSED [ 89%]
src/bridges/pytorch_xla/tests/test_integration.py::TestEdgeCases::test_reduce_scatter_matches_all_reduce PASSED [ 89%]
src/bridges/pytorch_xla/tests/test_integration.py::TestEdgeCases::test_gspmd_cache_key_uses_tier_info PASSED [ 89%]
src/bridges/pytorch_xla/tests/test_integration.py::TestEdgeCases::test_dtensor_plan_collectives_empty_default PASSED [ 89%]
src/bridges/pytorch_xla/tests/test_integration.py::TestEdgeCases::test_gspmd_result_diagnostics_defaults PASSED [ 90%]
src/bridges/pytorch_xla/tests/test_integration.py::TestEdgeCases::test_comm_backend_with_no_devices PASSED [ 90%]
src/bridges/pytorch_xla/tests/test_integration.py::TestEdgeCases::test_sharding_config_custom_strategy PASSED [ 90%]
src/bridges/pytorch_xla/tests/test_integration.py::TestEdgeCases::test_num_devices_on_axes_computation PASSED [ 91%]
src/bridges/pytorch_xla/tests/test_integration.py::TestEdgeCases::test_total_devices_helper PASSED [ 91%]
src/bridges/pytorch_xla/tests/test_integration.py::TestEdgeCases::test_sharding_result_error_none_by_default PASSED [ 91%]
src/bridges/pytorch_xla/tests/test_integration.py::TestEdgeCases::test_gspmd_runner_cache_lifecycle PASSED [ 91%]
src/bridges/pytorch_xla/tests/test_pipeline_orchestrator.py::TestShardingConfig::test_config_defaults PASSED [ 92%]
src/bridges/pytorch_xla/tests/test_pipeline_orchestrator.py::TestAutoShardingBridge::test_bridge_init PASSED [ 92%]
src/bridges/pytorch_xla/tests/test_pipeline_orchestrator.py::TestAutoShardingBridge::test_bridge_init_without_circuit_breakers PASSED [ 92%]
src/bridges/pytorch_xla/tests/test_pipeline_orchestrator.py::TestAutoShardingBridge::test_shard_with_no_real_model PASSED [ 92%]
src/bridges/pytorch_xla/tests/test_pipeline_orchestrator.py::TestAutoShardingBridge::test_shard_records_stage_durations PASSED [ 93%]
src/bridges/pytorch_xla/tests/test_pipeline_orchestrator.py::TestAutoShardingBridge::test_shard_to_dict PASSED [ 93%]
src/bridges/pytorch_xla/tests/test_pipeline_orchestrator.py::TestAutoShardingBridge::test_shard_sets_comm_backend PASSED [ 93%]
src/bridges/pytorch_xla/tests/test_pipeline_orchestrator.py::TestAutoShardingBridge::test_shard_sets_executor PASSED [ 94%]
src/bridges/pytorch_xla/tests/test_pipeline_orchestrator.py::TestPipelineHappyPath::test_shard_config_holds_real_model_and_inputs PASSED [ 94%]
src/bridges/pytorch_xla/tests/test_pipeline_orchestrator.py::TestPipelineHappyPath::test_shard_with_real_model_returns_sharding_result FAILED [ 94%]
src/bridges/pytorch_xla/tests/test_pipeline_orchestrator.py::TestPipelineHappyPath::test_shard_with_skip_flags_returns_usable_result FAILED [ 94%]
src/bridges/pytorch_xla/tests/test_pipeline_orchestrator.py::TestPipelineHappyPath::test_shard_records_total_duration FAILED [ 95%]
src/bridges/pytorch_xla/tests/test_pipeline_orchestrator.py::TestPipelineHappyPath::test_shard_with_real_model_sets_infrastructure FAILED [ 95%]
src/bridges/pytorch_xla/tests/test_pipeline_orchestrator.py::TestPipelineHappyPath::test_shard_to_dict_for_real_run FAILED [ 95%]
src/bridges/pytorch_xla/tests/test_stablehlo_export.py::TestTorchXLAExporterTier::test_is_available_contract PASSED [ 95%]
src/bridges/pytorch_xla/tests/test_stablehlo_export.py::TestTorchXLAExporterTier::test_export_produces_stablehlomodule_or_raises SKIPPED [ 96%]
src/bridges/pytorch_xla/tests/test_stablehlo_export.py::TestONNXBridgeExporterTier::test_is_available_contract PASSED [ 96%]
src/bridges/pytorch_xla/tests/test_stablehlo_export.py::TestONNXBridgeExporterTier::test_export_with_onnx_mlir SKIPPED [ 96%]
src/bridges/pytorch_xla/tests/test_stablehlo_export.py::TestONNXBridgeExporterTier::test_onnx_module_present_even_if_mlir_binary_missing SKIPPED [ 97%]
src/bridges/pytorch_xla/tests/test_stablehlo_export.py::TestTVMScriptExporterTier::test_is_available_contract PASSED [ 97%]
src/bridges/pytorch_xla/tests/test_stablehlo_export.py::TestTVMScriptExporterTier::test_export_with_tvm_installed SKIPPED [ 97%]
src/bridges/pytorch_xla/tests/test_stablehlo_export.py::TestTVMScriptExporterTier::test_fallback_emits_stablehlo_like_wrapper SKIPPED [ 97%]
src/bridges/pytorch_xla/tests/test_stablehlo_export.py::TestStableHLOExporterOrchestrator::test_export_from_captured_with_real_capture PASSED [ 98%]
src/bridges/pytorch_xla/tests/test_stablehlo_export.py::TestStableHLOExporterOrchestrator::test_export_from_captured_rejects_unusable_capture PASSED [ 98%]
src/bridges/pytorch_xla/tests/test_stablehlo_export.py::TestStableHLOExporterOrchestrator::test_export_from_captured_rejects_none_capture PASSED [ 98%]
src/bridges/pytorch_xla/tests/test_stablehlo_export.py::TestStableHLOExporterOrchestrator::test_tvm_path_can_be_disabled PASSED [ 98%]
src/bridges/pytorch_xla/tests/test_stablehlo_export.py::TestCheckIsRealStableHLO::test_real_stablehlo_detected PASSED [ 99%]
src/bridges/pytorch_xla/tests/test_stablehlo_export.py::TestCheckIsRealStableHLO::test_mhlo_only_not_real_stablehlo PASSED [ 99%]
src/bridges/pytorch_xla/tests/test_stablehlo_export.py::TestCheckIsRealStableHLO::test_empty_mlir_not_stablehlo PASSED [ 99%]
src/bridges/pytorch_xla/tests/test_stablehlo_export.py::TestCheckIsRealStableHLO::test_arbitrary_text_not_stablehlo PASSED [100%]

=================================== FAILURES ===================================
/workspaces/NVINDIA_CUD/src/bridges/pytorch_xla/stablehlo_export.py:689: src.common.errors.StableHLOExportError: All StableHLO export paths failed for 'Linear'. Attempt history:
/workspaces/NVINDIA_CUD/src/bridges/pytorch_xla/stablehlo_export.py:689: src.common.errors.StableHLOExportError: All StableHLO export paths failed for 'Linear'. Attempt history:
/workspaces/NVINDIA_CUD/src/bridges/pytorch_xla/stablehlo_export.py:689: src.common.errors.StableHLOExportError: All StableHLO export paths failed for 'Linear'. Attempt history:
/workspaces/NVINDIA_CUD/src/bridges/pytorch_xla/stablehlo_export.py:689: src.common.errors.StableHLOExportError: All StableHLO export paths failed for 'Linear'. Attempt history:
/workspaces/NVINDIA_CUD/src/bridges/pytorch_xla/stablehlo_export.py:689: src.common.errors.StableHLOExportError: All StableHLO export paths failed for 'Linear'. Attempt history:
=============================== warnings summary ===============================
src/bridges/pytorch_xla/pipeline_orchestrator.py:37
  /workspaces/NVINDIA_CUD/src/bridges/pytorch_xla/pipeline_orchestrator.py:37: DeprecationWarning: ExportMethod enum is deprecated; use StableHLOModule.export_method string field instead
    from .stablehlo_export import StableHLOExporter, StableHLOModule

src/bridges/pytorch_xla/tests/test_collective_insertion.py: 28 warnings
src/bridges/pytorch_xla/tests/test_integration.py: 22 warnings
  <string>:12: UserWarning: StableHLOModule is_usable=True but is_real_stablehlo=False; this is a fallback representation, not actual StableHLO. GSPMD will not produce real sharding.

-- Docs: https://docs.pytest.org/en/stable/how-to/capture-warnings.html
=========================== short test summary info ============================
SKIPPED [1] src/bridges/pytorch_xla/tests/test_stablehlo_export.py:82: torch_xla is not installed; primary tier unavailable
SKIPPED [1] src/bridges/pytorch_xla/tests/test_stablehlo_export.py:115: onnx-mlir binary not on PATH; secondary tier unavailable
SKIPPED [1] src/bridges/pytorch_xla/tests/test_stablehlo_export.py:134: python `onnx` package not installed
SKIPPED [1] src/bridges/pytorch_xla/tests/test_stablehlo_export.py:156: tvm is not installed; tertiary tier unavailable
SKIPPED [1] src/bridges/pytorch_xla/tests/test_stablehlo_export.py:171: tvm is not installed
FAILED src/bridges/pytorch_xla/tests/test_pipeline_orchestrator.py::TestPipelineHappyPath::test_shard_with_real_model_returns_sharding_result
FAILED src/bridges/pytorch_xla/tests/test_pipeline_orchestrator.py::TestPipelineHappyPath::test_shard_with_skip_flags_returns_usable_result
FAILED src/bridges/pytorch_xla/tests/test_pipeline_orchestrator.py::TestPipelineHappyPath::test_shard_records_total_duration
FAILED src/bridges/pytorch_xla/tests/test_pipeline_orchestrator.py::TestPipelineHappyPath::test_shard_with_real_model_sets_infrastructure
FAILED src/bridges/pytorch_xla/tests/test_pipeline_orchestrator.py::TestPipelineHappyPath::test_shard_to_dict_for_real_run
============ 5 failed, 358 passed, 5 skipped, 51 warnings in 5.31s =============
